-------------------------------------------------------------------------------
Test set: runner.RunTest
-------------------------------------------------------------------------------
Tests run: 13, Failures: 0, Errors: 6, Skipped: 7, Time elapsed: 25.893 sec <<< FAILURE!
Given I am on the Gillette website(| Razor |)  Time elapsed: 0.011 sec  <<< ERROR!
org.openqa.selenium.WebDriverException: unknown error: session deleted because of page crash
from unknown error: cannot determine loading status
from tab crashed
  (Session info: chrome=114.0.5735.133)
Build info: version: '4.7.2', revision: '4d4020c3b7'
System info: os.name: 'Linux', os.arch: 'amd64', os.version: '5.10.162+', java.version: '11.0.20'
Driver info: org.openqa.selenium.remote.RemoteWebDriver
Command: [206b103242ce01fd3aae5dbf4ed04b68, get {url=https://www.gillette.co.in/en-in}]
Capabilities {acceptInsecureCerts: false, browserName: chrome, browserVersion: 114.0.5735.133, chrome: {chromedriverVersion: 114.0.5735.90 (386bc09e8f4f..., userDataDir: /tmp/.com.google.Chrome.Eth6Mr}, goog:chromeOptions: {debuggerAddress: localhost:36267}, networkConnectionEnabled: false, pageLoadStrategy: normal, platformName: LINUX, proxy: Proxy(), se:bidiEnabled: false, se:cdp: ws://10.56.13.5:4444/sessio..., se:cdpVersion: 114.0.5735.133, se:vnc: ws://10.56.13.5:4444/sessio..., se:vncEnabled: true, se:vncLocalAddress: ws://10.56.13.5:7900, setWindowRect: true, strictFileInteractability: false, timeouts: {implicit: 0, pageLoad: 300000, script: 30000}, unhandledPromptBehavior: dismiss and notify, webauthn:extension:credBlob: true, webauthn:extension:largeBlob: true, webauthn:extension:minPinLength: true, webauthn:extension:prf: true, webauthn:virtualAuthenticators: true}
Session ID: 206b103242ce01fd3aae5dbf4ed04b68
	at java.base/jdk.internal.reflect.NativeConstructorAccessorImpl.newInstance0(Native Method)
	at java.base/jdk.internal.reflect.NativeConstructorAccessorImpl.newInstance(NativeConstructorAccessorImpl.java:62)
	at java.base/jdk.internal.reflect.DelegatingConstructorAccessorImpl.newInstance(DelegatingConstructorAccessorImpl.java:45)
	at java.base/java.lang.reflect.Constructor.newInstance(Constructor.java:490)
	at org.openqa.selenium.remote.codec.w3c.W3CHttpResponseCodec.createException(W3CHttpResponseCodec.java:200)
	at org.openqa.selenium.remote.codec.w3c.W3CHttpResponseCodec.decode(W3CHttpResponseCodec.java:133)
	at org.openqa.selenium.remote.codec.w3c.W3CHttpResponseCodec.decode(W3CHttpResponseCodec.java:53)
	at org.openqa.selenium.remote.HttpCommandExecutor.execute(HttpCommandExecutor.java:184)
	at org.openqa.selenium.remote.TracedCommandExecutor.execute(TracedCommandExecutor.java:51)
	at org.openqa.selenium.remote.RemoteWebDriver.execute(RemoteWebDriver.java:535)
	at org.openqa.selenium.remote.RemoteWebDriver.get(RemoteWebDriver.java:296)
	at java.base/jdk.internal.reflect.NativeMethodAccessorImpl.invoke0(Native Method)
	at java.base/jdk.internal.reflect.NativeMethodAccessorImpl.invoke(NativeMethodAccessorImpl.java:62)
	at java.base/jdk.internal.reflect.DelegatingMethodAccessorImpl.invoke(DelegatingMethodAccessorImpl.java:43)
	at java.base/java.lang.reflect.Method.invoke(Method.java:566)
	at org.openqa.selenium.support.decorators.WebDriverDecorator.call(WebDriverDecorator.java:247)
	at org.openqa.selenium.support.decorators.DefaultDecorated.call(DefaultDecorated.java:48)
	at org.openqa.selenium.support.decorators.WebDriverDecorator.lambda$createProxy$0(WebDriverDecorator.java:309)
	at net.bytebuddy.renamed.java.lang.Object$ByteBuddy$uS2dWhkx.get(Unknown Source)
	at glue.GilletteTests.iAmOnTheGilletteWebsite(GilletteTests.java:46)
	at ✽.Given I am on the Gillette website(gillette.feature:4)

| Razor |  Time elapsed: 0.014 sec  <<< ERROR!
org.openqa.selenium.WebDriverException: unknown error: session deleted because of page crash
from unknown error: cannot determine loading status
from tab crashed
  (Session info: chrome=114.0.5735.133)
Build info: version: '4.7.2', revision: '4d4020c3b7'
System info: os.name: 'Linux', os.arch: 'amd64', os.version: '5.10.162+', java.version: '11.0.20'
Driver info: org.openqa.selenium.remote.RemoteWebDriver
Command: [206b103242ce01fd3aae5dbf4ed04b68, get {url=https://www.gillette.co.in/en-in}]
Capabilities {acceptInsecureCerts: false, browserName: chrome, browserVersion: 114.0.5735.133, chrome: {chromedriverVersion: 114.0.5735.90 (386bc09e8f4f..., userDataDir: /tmp/.com.google.Chrome.Eth6Mr}, goog:chromeOptions: {debuggerAddress: localhost:36267}, networkConnectionEnabled: false, pageLoadStrategy: normal, platformName: LINUX, proxy: Proxy(), se:bidiEnabled: false, se:cdp: ws://10.56.13.5:4444/sessio..., se:cdpVersion: 114.0.5735.133, se:vnc: ws://10.56.13.5:4444/sessio..., se:vncEnabled: true, se:vncLocalAddress: ws://10.56.13.5:7900, setWindowRect: true, strictFileInteractability: false, timeouts: {implicit: 0, pageLoad: 300000, script: 30000}, unhandledPromptBehavior: dismiss and notify, webauthn:extension:credBlob: true, webauthn:extension:largeBlob: true, webauthn:extension:minPinLength: true, webauthn:extension:prf: true, webauthn:virtualAuthenticators: true}
Session ID: 206b103242ce01fd3aae5dbf4ed04b68
	at java.base/jdk.internal.reflect.NativeConstructorAccessorImpl.newInstance0(Native Method)
	at java.base/jdk.internal.reflect.NativeConstructorAccessorImpl.newInstance(NativeConstructorAccessorImpl.java:62)
	at java.base/jdk.internal.reflect.DelegatingConstructorAccessorImpl.newInstance(DelegatingConstructorAccessorImpl.java:45)
	at java.base/java.lang.reflect.Constructor.newInstance(Constructor.java:490)
	at org.openqa.selenium.remote.codec.w3c.W3CHttpResponseCodec.createException(W3CHttpResponseCodec.java:200)
	at org.openqa.selenium.remote.codec.w3c.W3CHttpResponseCodec.decode(W3CHttpResponseCodec.java:133)
	at org.openqa.selenium.remote.codec.w3c.W3CHttpResponseCodec.decode(W3CHttpResponseCodec.java:53)
	at org.openqa.selenium.remote.HttpCommandExecutor.execute(HttpCommandExecutor.java:184)
	at org.openqa.selenium.remote.TracedCommandExecutor.execute(TracedCommandExecutor.java:51)
	at org.openqa.selenium.remote.RemoteWebDriver.execute(RemoteWebDriver.java:535)
	at org.openqa.selenium.remote.RemoteWebDriver.get(RemoteWebDriver.java:296)
	at java.base/jdk.internal.reflect.NativeMethodAccessorImpl.invoke0(Native Method)
	at java.base/jdk.internal.reflect.NativeMethodAccessorImpl.invoke(NativeMethodAccessorImpl.java:62)
	at java.base/jdk.internal.reflect.DelegatingMethodAccessorImpl.invoke(DelegatingMethodAccessorImpl.java:43)
	at java.base/java.lang.reflect.Method.invoke(Method.java:566)
	at org.openqa.selenium.support.decorators.WebDriverDecorator.call(WebDriverDecorator.java:247)
	at org.openqa.selenium.support.decorators.DefaultDecorated.call(DefaultDecorated.java:48)
	at org.openqa.selenium.support.decorators.WebDriverDecorator.lambda$createProxy$0(WebDriverDecorator.java:309)
	at net.bytebuddy.renamed.java.lang.Object$ByteBuddy$uS2dWhkx.get(Unknown Source)
	at glue.GilletteTests.iAmOnTheGilletteWebsite(GilletteTests.java:46)
	at ✽.Given I am on the Gillette website(gillette.feature:4)

Given I am on the Gillette website(Scenario: Verify the display of Gillette MACH3 Turbo under products list)  Time elapsed: 0.002 sec  <<< ERROR!
org.openqa.selenium.WebDriverException: unknown error: session deleted because of page crash
from unknown error: cannot determine loading status
from tab crashed
  (Session info: chrome=114.0.5735.133)
Build info: version: '4.7.2', revision: '4d4020c3b7'
System info: os.name: 'Linux', os.arch: 'amd64', os.version: '5.10.162+', java.version: '11.0.20'
Driver info: org.openqa.selenium.remote.RemoteWebDriver
Command: [7573da1b2c77f23e98bb5f6f3b8052fa, get {url=https://www.gillette.co.in/en-in}]
Capabilities {acceptInsecureCerts: false, browserName: chrome, browserVersion: 114.0.5735.133, chrome: {chromedriverVersion: 114.0.5735.90 (386bc09e8f4f..., userDataDir: /tmp/.com.google.Chrome.u7lxeJ}, goog:chromeOptions: {debuggerAddress: localhost:34151}, networkConnectionEnabled: false, pageLoadStrategy: normal, platformName: LINUX, proxy: Proxy(), se:bidiEnabled: false, se:cdp: ws://10.56.13.5:4444/sessio..., se:cdpVersion: 114.0.5735.133, se:vnc: ws://10.56.13.5:4444/sessio..., se:vncEnabled: true, se:vncLocalAddress: ws://10.56.13.5:7900, setWindowRect: true, strictFileInteractability: false, timeouts: {implicit: 0, pageLoad: 300000, script: 30000}, unhandledPromptBehavior: dismiss and notify, webauthn:extension:credBlob: true, webauthn:extension:largeBlob: true, webauthn:extension:minPinLength: true, webauthn:extension:prf: true, webauthn:virtualAuthenticators: true}
Session ID: 7573da1b2c77f23e98bb5f6f3b8052fa
	at java.base/jdk.internal.reflect.NativeConstructorAccessorImpl.newInstance0(Native Method)
	at java.base/jdk.internal.reflect.NativeConstructorAccessorImpl.newInstance(NativeConstructorAccessorImpl.java:62)
	at java.base/jdk.internal.reflect.DelegatingConstructorAccessorImpl.newInstance(DelegatingConstructorAccessorImpl.java:45)
	at java.base/java.lang.reflect.Constructor.newInstance(Constructor.java:490)
	at org.openqa.selenium.remote.codec.w3c.W3CHttpResponseCodec.createException(W3CHttpResponseCodec.java:200)
	at org.openqa.selenium.remote.codec.w3c.W3CHttpResponseCodec.decode(W3CHttpResponseCodec.java:133)
	at org.openqa.selenium.remote.codec.w3c.W3CHttpResponseCodec.decode(W3CHttpResponseCodec.java:53)
	at org.openqa.selenium.remote.HttpCommandExecutor.execute(HttpCommandExecutor.java:184)
	at org.openqa.selenium.remote.TracedCommandExecutor.execute(TracedCommandExecutor.java:51)
	at org.openqa.selenium.remote.RemoteWebDriver.execute(RemoteWebDriver.java:535)
	at org.openqa.selenium.remote.RemoteWebDriver.get(RemoteWebDriver.java:296)
	at java.base/jdk.internal.reflect.NativeMethodAccessorImpl.invoke0(Native Method)
	at java.base/jdk.internal.reflect.NativeMethodAccessorImpl.invoke(NativeMethodAccessorImpl.java:62)
	at java.base/jdk.internal.reflect.DelegatingMethodAccessorImpl.invoke(DelegatingMethodAccessorImpl.java:43)
	at java.base/java.lang.reflect.Method.invoke(Method.java:566)
	at org.openqa.selenium.support.decorators.WebDriverDecorator.call(WebDriverDecorator.java:247)
	at org.openqa.selenium.support.decorators.DefaultDecorated.call(DefaultDecorated.java:48)
	at org.openqa.selenium.support.decorators.WebDriverDecorator.lambda$createProxy$0(WebDriverDecorator.java:309)
	at net.bytebuddy.renamed.java.lang.Object$ByteBuddy$FXVzaG73.get(Unknown Source)
	at glue.GilletteTests.iAmOnTheGilletteWebsite(GilletteTests.java:46)
	at ✽.Given I am on the Gillette website(gillette.feature:4)

Scenario: Verify the display of Gillette MACH3 Turbo under products list  Time elapsed: 0.004 sec  <<< ERROR!
org.openqa.selenium.WebDriverException: unknown error: session deleted because of page crash
from unknown error: cannot determine loading status
from tab crashed
  (Session info: chrome=114.0.5735.133)
Build info: version: '4.7.2', revision: '4d4020c3b7'
System info: os.name: 'Linux', os.arch: 'amd64', os.version: '5.10.162+', java.version: '11.0.20'
Driver info: org.openqa.selenium.remote.RemoteWebDriver
Command: [7573da1b2c77f23e98bb5f6f3b8052fa, get {url=https://www.gillette.co.in/en-in}]
Capabilities {acceptInsecureCerts: false, browserName: chrome, browserVersion: 114.0.5735.133, chrome: {chromedriverVersion: 114.0.5735.90 (386bc09e8f4f..., userDataDir: /tmp/.com.google.Chrome.u7lxeJ}, goog:chromeOptions: {debuggerAddress: localhost:34151}, networkConnectionEnabled: false, pageLoadStrategy: normal, platformName: LINUX, proxy: Proxy(), se:bidiEnabled: false, se:cdp: ws://10.56.13.5:4444/sessio..., se:cdpVersion: 114.0.5735.133, se:vnc: ws://10.56.13.5:4444/sessio..., se:vncEnabled: true, se:vncLocalAddress: ws://10.56.13.5:7900, setWindowRect: true, strictFileInteractability: false, timeouts: {implicit: 0, pageLoad: 300000, script: 30000}, unhandledPromptBehavior: dismiss and notify, webauthn:extension:credBlob: true, webauthn:extension:largeBlob: true, webauthn:extension:minPinLength: true, webauthn:extension:prf: true, webauthn:virtualAuthenticators: true}
Session ID: 7573da1b2c77f23e98bb5f6f3b8052fa
	at java.base/jdk.internal.reflect.NativeConstructorAccessorImpl.newInstance0(Native Method)
	at java.base/jdk.internal.reflect.NativeConstructorAccessorImpl.newInstance(NativeConstructorAccessorImpl.java:62)
	at java.base/jdk.internal.reflect.DelegatingConstructorAccessorImpl.newInstance(DelegatingConstructorAccessorImpl.java:45)
	at java.base/java.lang.reflect.Constructor.newInstance(Constructor.java:490)
	at org.openqa.selenium.remote.codec.w3c.W3CHttpResponseCodec.createException(W3CHttpResponseCodec.java:200)
	at org.openqa.selenium.remote.codec.w3c.W3CHttpResponseCodec.decode(W3CHttpResponseCodec.java:133)
	at org.openqa.selenium.remote.codec.w3c.W3CHttpResponseCodec.decode(W3CHttpResponseCodec.java:53)
	at org.openqa.selenium.remote.HttpCommandExecutor.execute(HttpCommandExecutor.java:184)
	at org.openqa.selenium.remote.TracedCommandExecutor.execute(TracedCommandExecutor.java:51)
	at org.openqa.selenium.remote.RemoteWebDriver.execute(RemoteWebDriver.java:535)
	at org.openqa.selenium.remote.RemoteWebDriver.get(RemoteWebDriver.java:296)
	at java.base/jdk.internal.reflect.NativeMethodAccessorImpl.invoke0(Native Method)
	at java.base/jdk.internal.reflect.NativeMethodAccessorImpl.invoke(NativeMethodAccessorImpl.java:62)
	at java.base/jdk.internal.reflect.DelegatingMethodAccessorImpl.invoke(DelegatingMethodAccessorImpl.java:43)
	at java.base/java.lang.reflect.Method.invoke(Method.java:566)
	at org.openqa.selenium.support.decorators.WebDriverDecorator.call(WebDriverDecorator.java:247)
	at org.openqa.selenium.support.decorators.DefaultDecorated.call(DefaultDecorated.java:48)
	at org.openqa.selenium.support.decorators.WebDriverDecorator.lambda$createProxy$0(WebDriverDecorator.java:309)
	at net.bytebuddy.renamed.java.lang.Object$ByteBuddy$FXVzaG73.get(Unknown Source)
	at glue.GilletteTests.iAmOnTheGilletteWebsite(GilletteTests.java:46)
	at ✽.Given I am on the Gillette website(gillette.feature:4)

Given I am on the Gillette website(Scenario: Verify the presence of "Facial Hair Styles: The Anchor Beard" under styling articles)  Time elapsed: 0.003 sec  <<< ERROR!
org.openqa.selenium.WebDriverException: unknown error: session deleted because of page crash
from unknown error: cannot determine loading status
from tab crashed
  (Session info: chrome=114.0.5735.133)
Build info: version: '4.7.2', revision: '4d4020c3b7'
System info: os.name: 'Linux', os.arch: 'amd64', os.version: '5.10.162+', java.version: '11.0.20'
Driver info: org.openqa.selenium.remote.RemoteWebDriver
Command: [aa737b01d23d1d136ad557e437da1a85, get {url=https://www.gillette.co.in/en-in}]
Capabilities {acceptInsecureCerts: false, browserName: chrome, browserVersion: 114.0.5735.133, chrome: {chromedriverVersion: 114.0.5735.90 (386bc09e8f4f..., userDataDir: /tmp/.com.google.Chrome.3uJfkW}, goog:chromeOptions: {debuggerAddress: localhost:33297}, networkConnectionEnabled: false, pageLoadStrategy: normal, platformName: LINUX, proxy: Proxy(), se:bidiEnabled: false, se:cdp: ws://10.56.13.5:4444/sessio..., se:cdpVersion: 114.0.5735.133, se:vnc: ws://10.56.13.5:4444/sessio..., se:vncEnabled: true, se:vncLocalAddress: ws://10.56.13.5:7900, setWindowRect: true, strictFileInteractability: false, timeouts: {implicit: 0, pageLoad: 300000, script: 30000}, unhandledPromptBehavior: dismiss and notify, webauthn:extension:credBlob: true, webauthn:extension:largeBlob: true, webauthn:extension:minPinLength: true, webauthn:extension:prf: true, webauthn:virtualAuthenticators: true}
Session ID: aa737b01d23d1d136ad557e437da1a85
	at java.base/jdk.internal.reflect.NativeConstructorAccessorImpl.newInstance0(Native Method)
	at java.base/jdk.internal.reflect.NativeConstructorAccessorImpl.newInstance(NativeConstructorAccessorImpl.java:62)
	at java.base/jdk.internal.reflect.DelegatingConstructorAccessorImpl.newInstance(DelegatingConstructorAccessorImpl.java:45)
	at java.base/java.lang.reflect.Constructor.newInstance(Constructor.java:490)
	at org.openqa.selenium.remote.codec.w3c.W3CHttpResponseCodec.createException(W3CHttpResponseCodec.java:200)
	at org.openqa.selenium.remote.codec.w3c.W3CHttpResponseCodec.decode(W3CHttpResponseCodec.java:133)
	at org.openqa.selenium.remote.codec.w3c.W3CHttpResponseCodec.decode(W3CHttpResponseCodec.java:53)
	at org.openqa.selenium.remote.HttpCommandExecutor.execute(HttpCommandExecutor.java:184)
	at org.openqa.selenium.remote.TracedCommandExecutor.execute(TracedCommandExecutor.java:51)
	at org.openqa.selenium.remote.RemoteWebDriver.execute(RemoteWebDriver.java:535)
	at org.openqa.selenium.remote.RemoteWebDriver.get(RemoteWebDriver.java:296)
	at java.base/jdk.internal.reflect.NativeMethodAccessorImpl.invoke0(Native Method)
	at java.base/jdk.internal.reflect.NativeMethodAccessorImpl.invoke(NativeMethodAccessorImpl.java:62)
	at java.base/jdk.internal.reflect.DelegatingMethodAccessorImpl.invoke(DelegatingMethodAccessorImpl.java:43)
	at java.base/java.lang.reflect.Method.invoke(Method.java:566)
	at org.openqa.selenium.support.decorators.WebDriverDecorator.call(WebDriverDecorator.java:247)
	at org.openqa.selenium.support.decorators.DefaultDecorated.call(DefaultDecorated.java:48)
	at org.openqa.selenium.support.decorators.WebDriverDecorator.lambda$createProxy$0(WebDriverDecorator.java:309)
	at net.bytebuddy.renamed.java.lang.Object$ByteBuddy$zWe9V51k.get(Unknown Source)
	at glue.GilletteTests.iAmOnTheGilletteWebsite(GilletteTests.java:46)
	at ✽.Given I am on the Gillette website(gillette.feature:4)

Scenario: Verify the presence of "Facial Hair Styles: The Anchor Beard" under styling articles  Time elapsed: 0.006 sec  <<< ERROR!
org.openqa.selenium.WebDriverException: unknown error: session deleted because of page crash
from unknown error: cannot determine loading status
from tab crashed
  (Session info: chrome=114.0.5735.133)
Build info: version: '4.7.2', revision: '4d4020c3b7'
System info: os.name: 'Linux', os.arch: 'amd64', os.version: '5.10.162+', java.version: '11.0.20'
Driver info: org.openqa.selenium.remote.RemoteWebDriver
Command: [aa737b01d23d1d136ad557e437da1a85, get {url=https://www.gillette.co.in/en-in}]
Capabilities {acceptInsecureCerts: false, browserName: chrome, browserVersion: 114.0.5735.133, chrome: {chromedriverVersion: 114.0.5735.90 (386bc09e8f4f..., userDataDir: /tmp/.com.google.Chrome.3uJfkW}, goog:chromeOptions: {debuggerAddress: localhost:33297}, networkConnectionEnabled: false, pageLoadStrategy: normal, platformName: LINUX, proxy: Proxy(), se:bidiEnabled: false, se:cdp: ws://10.56.13.5:4444/sessio..., se:cdpVersion: 114.0.5735.133, se:vnc: ws://10.56.13.5:4444/sessio..., se:vncEnabled: true, se:vncLocalAddress: ws://10.56.13.5:7900, setWindowRect: true, strictFileInteractability: false, timeouts: {implicit: 0, pageLoad: 300000, script: 30000}, unhandledPromptBehavior: dismiss and notify, webauthn:extension:credBlob: true, webauthn:extension:largeBlob: true, webauthn:extension:minPinLength: true, webauthn:extension:prf: true, webauthn:virtualAuthenticators: true}
Session ID: aa737b01d23d1d136ad557e437da1a85
	at java.base/jdk.internal.reflect.NativeConstructorAccessorImpl.newInstance0(Native Method)
	at java.base/jdk.internal.reflect.NativeConstructorAccessorImpl.newInstance(NativeConstructorAccessorImpl.java:62)
	at java.base/jdk.internal.reflect.DelegatingConstructorAccessorImpl.newInstance(DelegatingConstructorAccessorImpl.java:45)
	at java.base/java.lang.reflect.Constructor.newInstance(Constructor.java:490)
	at org.openqa.selenium.remote.codec.w3c.W3CHttpResponseCodec.createException(W3CHttpResponseCodec.java:200)
	at org.openqa.selenium.remote.codec.w3c.W3CHttpResponseCodec.decode(W3CHttpResponseCodec.java:133)
	at org.openqa.selenium.remote.codec.w3c.W3CHttpResponseCodec.decode(W3CHttpResponseCodec.java:53)
	at org.openqa.selenium.remote.HttpCommandExecutor.execute(HttpCommandExecutor.java:184)
	at org.openqa.selenium.remote.TracedCommandExecutor.execute(TracedCommandExecutor.java:51)
	at org.openqa.selenium.remote.RemoteWebDriver.execute(RemoteWebDriver.java:535)
	at org.openqa.selenium.remote.RemoteWebDriver.get(RemoteWebDriver.java:296)
	at java.base/jdk.internal.reflect.NativeMethodAccessorImpl.invoke0(Native Method)
	at java.base/jdk.internal.reflect.NativeMethodAccessorImpl.invoke(NativeMethodAccessorImpl.java:62)
	at java.base/jdk.internal.reflect.DelegatingMethodAccessorImpl.invoke(DelegatingMethodAccessorImpl.java:43)
	at java.base/java.lang.reflect.Method.invoke(Method.java:566)
	at org.openqa.selenium.support.decorators.WebDriverDecorator.call(WebDriverDecorator.java:247)
	at org.openqa.selenium.support.decorators.DefaultDecorated.call(DefaultDecorated.java:48)
	at org.openqa.selenium.support.decorators.WebDriverDecorator.lambda$createProxy$0(WebDriverDecorator.java:309)
	at net.bytebuddy.renamed.java.lang.Object$ByteBuddy$zWe9V51k.get(Unknown Source)
	at glue.GilletteTests.iAmOnTheGilletteWebsite(GilletteTests.java:46)
	at ✽.Given I am on the Gillette website(gillette.feature:4)

