<?xml version="1.0" encoding="UTF-8" ?>
<testsuite tests="13" failures="0" name="runner.RunTest" time="0.094" errors="6" skipped="7">
  <properties>
[...]
</properties>
  <testcase classname="| Razor |" name="Given I am on the Gillette website" time="0.011">
    <error message="unknown error: session deleted because of page crash
from unknown error: cannot determine loading status
from tab crashed
  (Session info: chrome=114.0.5735.133)
Build info: version: &apos;4.7.2&apos;, revision: &apos;4d4020c3b7&apos;
System info: os.name: &apos;Linux&apos;, os.arch: &apos;amd64&apos;, os.version: &apos;5.10.162+&apos;, java.version: &apos;11.0.20&apos;
Driver info: org.openqa.selenium.remote.RemoteWebDriver
Command: [206b103242ce01fd3aae5dbf4ed04b68, get {url=https://www.gillette.co.in/en-in}]
Capabilities {acceptInsecureCerts: false, browserName: chrome, browserVersion: 114.0.5735.133, chrome: {chromedriverVersion: 114.0.5735.90 (386bc09e8f4f..., userDataDir: /tmp/.com.google.Chrome.Eth6Mr}, goog:chromeOptions: {debuggerAddress: localhost:36267}, networkConnectionEnabled: false, pageLoadStrategy: normal, platformName: LINUX, proxy: Proxy(), se:bidiEnabled: false, se:cdp: ws://10.56.13.5:4444/sessio..., se:cdpVersion: 114.0.5735.133, se:vnc: ws://10.56.13.5:4444/sessio..., se:vncEnabled: true, se:vncLocalAddress: ws://10.56.13.5:7900, setWindowRect: true, strictFileInteractability: false, timeouts: {implicit: 0, pageLoad: 300000, script: 30000}, unhandledPromptBehavior: dismiss and notify, webauthn:extension:credBlob: true, webauthn:extension:largeBlob: true, webauthn:extension:minPinLength: true, webauthn:extension:prf: true, webauthn:virtualAuthenticators: true}
Session ID: 206b103242ce01fd3aae5dbf4ed04b68" type="org.openqa.selenium.WebDriverException">org.openqa.selenium.WebDriverException: unknown error: session deleted because of page crash
from unknown error: cannot determine loading status
from tab crashed
  (Session info: chrome=114.0.5735.133)
Build info: version: &apos;4.7.2&apos;, revision: &apos;4d4020c3b7&apos;
System info: os.name: &apos;Linux&apos;, os.arch: &apos;amd64&apos;, os.version: &apos;5.10.162+&apos;, java.version: &apos;11.0.20&apos;
Driver info: org.openqa.selenium.remote.RemoteWebDriver
Command: [206b103242ce01fd3aae5dbf4ed04b68, get {url=https://www.gillette.co.in/en-in}]
Capabilities {acceptInsecureCerts: false, browserName: chrome, browserVersion: 114.0.5735.133, chrome: {chromedriverVersion: 114.0.5735.90 (386bc09e8f4f..., userDataDir: /tmp/.com.google.Chrome.Eth6Mr}, goog:chromeOptions: {debuggerAddress: localhost:36267}, networkConnectionEnabled: false, pageLoadStrategy: normal, platformName: LINUX, proxy: Proxy(), se:bidiEnabled: false, se:cdp: ws://10.56.13.5:4444/sessio..., se:cdpVersion: 114.0.5735.133, se:vnc: ws://10.56.13.5:4444/sessio..., se:vncEnabled: true, se:vncLocalAddress: ws://10.56.13.5:7900, setWindowRect: true, strictFileInteractability: false, timeouts: {implicit: 0, pageLoad: 300000, script: 30000}, unhandledPromptBehavior: dismiss and notify, webauthn:extension:credBlob: true, webauthn:extension:largeBlob: true, webauthn:extension:minPinLength: true, webauthn:extension:prf: true, webauthn:virtualAuthenticators: true}
Session ID: 206b103242ce01fd3aae5dbf4ed04b68
	at java.base/jdk.internal.reflect.NativeConstructorAccessorImpl.newInstance0(Native Method)
	at java.base/jdk.internal.reflect.NativeConstructorAccessorImpl.newInstance(NativeConstructorAccessorImpl.java:62)
	at java.base/jdk.internal.reflect.DelegatingConstructorAccessorImpl.newInstance(DelegatingConstructorAccessorImpl.java:45)
	at java.base/java.lang.reflect.Constructor.newInstance(Constructor.java:490)
	at org.openqa.selenium.remote.codec.w3c.W3CHttpResponseCodec.createException(W3CHttpResponseCodec.java:200)
	at org.openqa.selenium.remote.codec.w3c.W3CHttpResponseCodec.decode(W3CHttpResponseCodec.java:133)
	at org.openqa.selenium.remote.codec.w3c.W3CHttpResponseCodec.decode(W3CHttpResponseCodec.java:53)
	at org.openqa.selenium.remote.HttpCommandExecutor.execute(HttpCommandExecutor.java:184)
	at org.openqa.selenium.remote.TracedCommandExecutor.execute(TracedCommandExecutor.java:51)
	at org.openqa.selenium.remote.RemoteWebDriver.execute(RemoteWebDriver.java:535)
	at org.openqa.selenium.remote.RemoteWebDriver.get(RemoteWebDriver.java:296)
	at java.base/jdk.internal.reflect.NativeMethodAccessorImpl.invoke0(Native Method)
	at java.base/jdk.internal.reflect.NativeMethodAccessorImpl.invoke(NativeMethodAccessorImpl.java:62)
	at java.base/jdk.internal.reflect.DelegatingMethodAccessorImpl.invoke(DelegatingMethodAccessorImpl.java:43)
	at java.base/java.lang.reflect.Method.invoke(Method.java:566)
	at org.openqa.selenium.support.decorators.WebDriverDecorator.call(WebDriverDecorator.java:247)
	at org.openqa.selenium.support.decorators.DefaultDecorated.call(DefaultDecorated.java:48)
	at org.openqa.selenium.support.decorators.WebDriverDecorator.lambda$createProxy$0(WebDriverDecorator.java:309)
	at net.bytebuddy.renamed.java.lang.Object$ByteBuddy$uS2dWhkx.get(Unknown Source)
	at glue.GilletteTests.iAmOnTheGilletteWebsite(GilletteTests.java:46)
	at ✽.Given I am on the Gillette website(gillette.feature:4)
</error>
    <system-err>Sep 12, 2023 10:44:34 AM org.openqa.selenium.remote.tracing.opentelemetry.OpenTelemetryTracer createTracer
INFO: Using OpenTelemetry for tracing
</system-err>
  </testcase>
  <testcase classname="| Razor |" name="| Razor |" time="0.014">
    <error message="unknown error: session deleted because of page crash
from unknown error: cannot determine loading status
from tab crashed
  (Session info: chrome=114.0.5735.133)
Build info: version: &apos;4.7.2&apos;, revision: &apos;4d4020c3b7&apos;
System info: os.name: &apos;Linux&apos;, os.arch: &apos;amd64&apos;, os.version: &apos;5.10.162+&apos;, java.version: &apos;11.0.20&apos;
Driver info: org.openqa.selenium.remote.RemoteWebDriver
Command: [206b103242ce01fd3aae5dbf4ed04b68, get {url=https://www.gillette.co.in/en-in}]
Capabilities {acceptInsecureCerts: false, browserName: chrome, browserVersion: 114.0.5735.133, chrome: {chromedriverVersion: 114.0.5735.90 (386bc09e8f4f..., userDataDir: /tmp/.com.google.Chrome.Eth6Mr}, goog:chromeOptions: {debuggerAddress: localhost:36267}, networkConnectionEnabled: false, pageLoadStrategy: normal, platformName: LINUX, proxy: Proxy(), se:bidiEnabled: false, se:cdp: ws://10.56.13.5:4444/sessio..., se:cdpVersion: 114.0.5735.133, se:vnc: ws://10.56.13.5:4444/sessio..., se:vncEnabled: true, se:vncLocalAddress: ws://10.56.13.5:7900, setWindowRect: true, strictFileInteractability: false, timeouts: {implicit: 0, pageLoad: 300000, script: 30000}, unhandledPromptBehavior: dismiss and notify, webauthn:extension:credBlob: true, webauthn:extension:largeBlob: true, webauthn:extension:minPinLength: true, webauthn:extension:prf: true, webauthn:virtualAuthenticators: true}
Session ID: 206b103242ce01fd3aae5dbf4ed04b68" type="org.openqa.selenium.WebDriverException">org.openqa.selenium.WebDriverException: unknown error: session deleted because of page crash
from unknown error: cannot determine loading status
from tab crashed
  (Session info: chrome=114.0.5735.133)
Build info: version: &apos;4.7.2&apos;, revision: &apos;4d4020c3b7&apos;
System info: os.name: &apos;Linux&apos;, os.arch: &apos;amd64&apos;, os.version: &apos;5.10.162+&apos;, java.version: &apos;11.0.20&apos;
Driver info: org.openqa.selenium.remote.RemoteWebDriver
Command: [206b103242ce01fd3aae5dbf4ed04b68, get {url=https://www.gillette.co.in/en-in}]
Capabilities {acceptInsecureCerts: false, browserName: chrome, browserVersion: 114.0.5735.133, chrome: {chromedriverVersion: 114.0.5735.90 (386bc09e8f4f..., userDataDir: /tmp/.com.google.Chrome.Eth6Mr}, goog:chromeOptions: {debuggerAddress: localhost:36267}, networkConnectionEnabled: false, pageLoadStrategy: normal, platformName: LINUX, proxy: Proxy(), se:bidiEnabled: false, se:cdp: ws://10.56.13.5:4444/sessio..., se:cdpVersion: 114.0.5735.133, se:vnc: ws://10.56.13.5:4444/sessio..., se:vncEnabled: true, se:vncLocalAddress: ws://10.56.13.5:7900, setWindowRect: true, strictFileInteractability: false, timeouts: {implicit: 0, pageLoad: 300000, script: 30000}, unhandledPromptBehavior: dismiss and notify, webauthn:extension:credBlob: true, webauthn:extension:largeBlob: true, webauthn:extension:minPinLength: true, webauthn:extension:prf: true, webauthn:virtualAuthenticators: true}
Session ID: 206b103242ce01fd3aae5dbf4ed04b68
	at java.base/jdk.internal.reflect.NativeConstructorAccessorImpl.newInstance0(Native Method)
	at java.base/jdk.internal.reflect.NativeConstructorAccessorImpl.newInstance(NativeConstructorAccessorImpl.java:62)
	at java.base/jdk.internal.reflect.DelegatingConstructorAccessorImpl.newInstance(DelegatingConstructorAccessorImpl.java:45)
	at java.base/java.lang.reflect.Constructor.newInstance(Constructor.java:490)
	at org.openqa.selenium.remote.codec.w3c.W3CHttpResponseCodec.createException(W3CHttpResponseCodec.java:200)
	at org.openqa.selenium.remote.codec.w3c.W3CHttpResponseCodec.decode(W3CHttpResponseCodec.java:133)
	at org.openqa.selenium.remote.codec.w3c.W3CHttpResponseCodec.decode(W3CHttpResponseCodec.java:53)
	at org.openqa.selenium.remote.HttpCommandExecutor.execute(HttpCommandExecutor.java:184)
	at org.openqa.selenium.remote.TracedCommandExecutor.execute(TracedCommandExecutor.java:51)
	at org.openqa.selenium.remote.RemoteWebDriver.execute(RemoteWebDriver.java:535)
	at org.openqa.selenium.remote.RemoteWebDriver.get(RemoteWebDriver.java:296)
	at java.base/jdk.internal.reflect.NativeMethodAccessorImpl.invoke0(Native Method)
	at java.base/jdk.internal.reflect.NativeMethodAccessorImpl.invoke(NativeMethodAccessorImpl.java:62)
	at java.base/jdk.internal.reflect.DelegatingMethodAccessorImpl.invoke(DelegatingMethodAccessorImpl.java:43)
	at java.base/java.lang.reflect.Method.invoke(Method.java:566)
	at org.openqa.selenium.support.decorators.WebDriverDecorator.call(WebDriverDecorator.java:247)
	at org.openqa.selenium.support.decorators.DefaultDecorated.call(DefaultDecorated.java:48)
	at org.openqa.selenium.support.decorators.WebDriverDecorator.lambda$createProxy$0(WebDriverDecorator.java:309)
	at net.bytebuddy.renamed.java.lang.Object$ByteBuddy$uS2dWhkx.get(Unknown Source)
	at glue.GilletteTests.iAmOnTheGilletteWebsite(GilletteTests.java:46)
	at ✽.Given I am on the Gillette website(gillette.feature:4)
</error>
  </testcase>
  <testcase classname="| Razor |" name="When I search for &quot;Razor&quot; using the search option" time="0.014">
    <skipped/>
  </testcase>
  <testcase classname="| Razor |" name="Then I should see &quot;Results For Razor&apos;&quot; at the top of the search results" time="0.015">
    <skipped/>
  </testcase>
  <testcase classname="Scenario: Verify the display of Gillette MACH3 Turbo under products list" name="Given I am on the Gillette website" time="0.002">
    <error message="unknown error: session deleted because of page crash
from unknown error: cannot determine loading status
from tab crashed
  (Session info: chrome=114.0.5735.133)
Build info: version: &apos;4.7.2&apos;, revision: &apos;4d4020c3b7&apos;
System info: os.name: &apos;Linux&apos;, os.arch: &apos;amd64&apos;, os.version: &apos;5.10.162+&apos;, java.version: &apos;11.0.20&apos;
Driver info: org.openqa.selenium.remote.RemoteWebDriver
Command: [7573da1b2c77f23e98bb5f6f3b8052fa, get {url=https://www.gillette.co.in/en-in}]
Capabilities {acceptInsecureCerts: false, browserName: chrome, browserVersion: 114.0.5735.133, chrome: {chromedriverVersion: 114.0.5735.90 (386bc09e8f4f..., userDataDir: /tmp/.com.google.Chrome.u7lxeJ}, goog:chromeOptions: {debuggerAddress: localhost:34151}, networkConnectionEnabled: false, pageLoadStrategy: normal, platformName: LINUX, proxy: Proxy(), se:bidiEnabled: false, se:cdp: ws://10.56.13.5:4444/sessio..., se:cdpVersion: 114.0.5735.133, se:vnc: ws://10.56.13.5:4444/sessio..., se:vncEnabled: true, se:vncLocalAddress: ws://10.56.13.5:7900, setWindowRect: true, strictFileInteractability: false, timeouts: {implicit: 0, pageLoad: 300000, script: 30000}, unhandledPromptBehavior: dismiss and notify, webauthn:extension:credBlob: true, webauthn:extension:largeBlob: true, webauthn:extension:minPinLength: true, webauthn:extension:prf: true, webauthn:virtualAuthenticators: true}
Session ID: 7573da1b2c77f23e98bb5f6f3b8052fa" type="org.openqa.selenium.WebDriverException">org.openqa.selenium.WebDriverException: unknown error: session deleted because of page crash
from unknown error: cannot determine loading status
from tab crashed
  (Session info: chrome=114.0.5735.133)
Build info: version: &apos;4.7.2&apos;, revision: &apos;4d4020c3b7&apos;
System info: os.name: &apos;Linux&apos;, os.arch: &apos;amd64&apos;, os.version: &apos;5.10.162+&apos;, java.version: &apos;11.0.20&apos;
Driver info: org.openqa.selenium.remote.RemoteWebDriver
Command: [7573da1b2c77f23e98bb5f6f3b8052fa, get {url=https://www.gillette.co.in/en-in}]
Capabilities {acceptInsecureCerts: false, browserName: chrome, browserVersion: 114.0.5735.133, chrome: {chromedriverVersion: 114.0.5735.90 (386bc09e8f4f..., userDataDir: /tmp/.com.google.Chrome.u7lxeJ}, goog:chromeOptions: {debuggerAddress: localhost:34151}, networkConnectionEnabled: false, pageLoadStrategy: normal, platformName: LINUX, proxy: Proxy(), se:bidiEnabled: false, se:cdp: ws://10.56.13.5:4444/sessio..., se:cdpVersion: 114.0.5735.133, se:vnc: ws://10.56.13.5:4444/sessio..., se:vncEnabled: true, se:vncLocalAddress: ws://10.56.13.5:7900, setWindowRect: true, strictFileInteractability: false, timeouts: {implicit: 0, pageLoad: 300000, script: 30000}, unhandledPromptBehavior: dismiss and notify, webauthn:extension:credBlob: true, webauthn:extension:largeBlob: true, webauthn:extension:minPinLength: true, webauthn:extension:prf: true, webauthn:virtualAuthenticators: true}
Session ID: 7573da1b2c77f23e98bb5f6f3b8052fa
	at java.base/jdk.internal.reflect.NativeConstructorAccessorImpl.newInstance0(Native Method)
	at java.base/jdk.internal.reflect.NativeConstructorAccessorImpl.newInstance(NativeConstructorAccessorImpl.java:62)
	at java.base/jdk.internal.reflect.DelegatingConstructorAccessorImpl.newInstance(DelegatingConstructorAccessorImpl.java:45)
	at java.base/java.lang.reflect.Constructor.newInstance(Constructor.java:490)
	at org.openqa.selenium.remote.codec.w3c.W3CHttpResponseCodec.createException(W3CHttpResponseCodec.java:200)
	at org.openqa.selenium.remote.codec.w3c.W3CHttpResponseCodec.decode(W3CHttpResponseCodec.java:133)
	at org.openqa.selenium.remote.codec.w3c.W3CHttpResponseCodec.decode(W3CHttpResponseCodec.java:53)
	at org.openqa.selenium.remote.HttpCommandExecutor.execute(HttpCommandExecutor.java:184)
	at org.openqa.selenium.remote.TracedCommandExecutor.execute(TracedCommandExecutor.java:51)
	at org.openqa.selenium.remote.RemoteWebDriver.execute(RemoteWebDriver.java:535)
	at org.openqa.selenium.remote.RemoteWebDriver.get(RemoteWebDriver.java:296)
	at java.base/jdk.internal.reflect.NativeMethodAccessorImpl.invoke0(Native Method)
	at java.base/jdk.internal.reflect.NativeMethodAccessorImpl.invoke(NativeMethodAccessorImpl.java:62)
	at java.base/jdk.internal.reflect.DelegatingMethodAccessorImpl.invoke(DelegatingMethodAccessorImpl.java:43)
	at java.base/java.lang.reflect.Method.invoke(Method.java:566)
	at org.openqa.selenium.support.decorators.WebDriverDecorator.call(WebDriverDecorator.java:247)
	at org.openqa.selenium.support.decorators.DefaultDecorated.call(DefaultDecorated.java:48)
	at org.openqa.selenium.support.decorators.WebDriverDecorator.lambda$createProxy$0(WebDriverDecorator.java:309)
	at net.bytebuddy.renamed.java.lang.Object$ByteBuddy$FXVzaG73.get(Unknown Source)
	at glue.GilletteTests.iAmOnTheGilletteWebsite(GilletteTests.java:46)
	at ✽.Given I am on the Gillette website(gillette.feature:4)
</error>
  </testcase>
  <testcase classname="Scenario: Verify the display of Gillette MACH3 Turbo under products list" name="Scenario: Verify the display of Gillette MACH3 Turbo under products list" time="0.004">
    <error message="unknown error: session deleted because of page crash
from unknown error: cannot determine loading status
from tab crashed
  (Session info: chrome=114.0.5735.133)
Build info: version: &apos;4.7.2&apos;, revision: &apos;4d4020c3b7&apos;
System info: os.name: &apos;Linux&apos;, os.arch: &apos;amd64&apos;, os.version: &apos;5.10.162+&apos;, java.version: &apos;11.0.20&apos;
Driver info: org.openqa.selenium.remote.RemoteWebDriver
Command: [7573da1b2c77f23e98bb5f6f3b8052fa, get {url=https://www.gillette.co.in/en-in}]
Capabilities {acceptInsecureCerts: false, browserName: chrome, browserVersion: 114.0.5735.133, chrome: {chromedriverVersion: 114.0.5735.90 (386bc09e8f4f..., userDataDir: /tmp/.com.google.Chrome.u7lxeJ}, goog:chromeOptions: {debuggerAddress: localhost:34151}, networkConnectionEnabled: false, pageLoadStrategy: normal, platformName: LINUX, proxy: Proxy(), se:bidiEnabled: false, se:cdp: ws://10.56.13.5:4444/sessio..., se:cdpVersion: 114.0.5735.133, se:vnc: ws://10.56.13.5:4444/sessio..., se:vncEnabled: true, se:vncLocalAddress: ws://10.56.13.5:7900, setWindowRect: true, strictFileInteractability: false, timeouts: {implicit: 0, pageLoad: 300000, script: 30000}, unhandledPromptBehavior: dismiss and notify, webauthn:extension:credBlob: true, webauthn:extension:largeBlob: true, webauthn:extension:minPinLength: true, webauthn:extension:prf: true, webauthn:virtualAuthenticators: true}
Session ID: 7573da1b2c77f23e98bb5f6f3b8052fa" type="org.openqa.selenium.WebDriverException">org.openqa.selenium.WebDriverException: unknown error: session deleted because of page crash
from unknown error: cannot determine loading status
from tab crashed
  (Session info: chrome=114.0.5735.133)
Build info: version: &apos;4.7.2&apos;, revision: &apos;4d4020c3b7&apos;
System info: os.name: &apos;Linux&apos;, os.arch: &apos;amd64&apos;, os.version: &apos;5.10.162+&apos;, java.version: &apos;11.0.20&apos;
Driver info: org.openqa.selenium.remote.RemoteWebDriver
Command: [7573da1b2c77f23e98bb5f6f3b8052fa, get {url=https://www.gillette.co.in/en-in}]
Capabilities {acceptInsecureCerts: false, browserName: chrome, browserVersion: 114.0.5735.133, chrome: {chromedriverVersion: 114.0.5735.90 (386bc09e8f4f..., userDataDir: /tmp/.com.google.Chrome.u7lxeJ}, goog:chromeOptions: {debuggerAddress: localhost:34151}, networkConnectionEnabled: false, pageLoadStrategy: normal, platformName: LINUX, proxy: Proxy(), se:bidiEnabled: false, se:cdp: ws://10.56.13.5:4444/sessio..., se:cdpVersion: 114.0.5735.133, se:vnc: ws://10.56.13.5:4444/sessio..., se:vncEnabled: true, se:vncLocalAddress: ws://10.56.13.5:7900, setWindowRect: true, strictFileInteractability: false, timeouts: {implicit: 0, pageLoad: 300000, script: 30000}, unhandledPromptBehavior: dismiss and notify, webauthn:extension:credBlob: true, webauthn:extension:largeBlob: true, webauthn:extension:minPinLength: true, webauthn:extension:prf: true, webauthn:virtualAuthenticators: true}
Session ID: 7573da1b2c77f23e98bb5f6f3b8052fa
	at java.base/jdk.internal.reflect.NativeConstructorAccessorImpl.newInstance0(Native Method)
	at java.base/jdk.internal.reflect.NativeConstructorAccessorImpl.newInstance(NativeConstructorAccessorImpl.java:62)
	at java.base/jdk.internal.reflect.DelegatingConstructorAccessorImpl.newInstance(DelegatingConstructorAccessorImpl.java:45)
	at java.base/java.lang.reflect.Constructor.newInstance(Constructor.java:490)
	at org.openqa.selenium.remote.codec.w3c.W3CHttpResponseCodec.createException(W3CHttpResponseCodec.java:200)
	at org.openqa.selenium.remote.codec.w3c.W3CHttpResponseCodec.decode(W3CHttpResponseCodec.java:133)
	at org.openqa.selenium.remote.codec.w3c.W3CHttpResponseCodec.decode(W3CHttpResponseCodec.java:53)
	at org.openqa.selenium.remote.HttpCommandExecutor.execute(HttpCommandExecutor.java:184)
	at org.openqa.selenium.remote.TracedCommandExecutor.execute(TracedCommandExecutor.java:51)
	at org.openqa.selenium.remote.RemoteWebDriver.execute(RemoteWebDriver.java:535)
	at org.openqa.selenium.remote.RemoteWebDriver.get(RemoteWebDriver.java:296)
	at java.base/jdk.internal.reflect.NativeMethodAccessorImpl.invoke0(Native Method)
	at java.base/jdk.internal.reflect.NativeMethodAccessorImpl.invoke(NativeMethodAccessorImpl.java:62)
	at java.base/jdk.internal.reflect.DelegatingMethodAccessorImpl.invoke(DelegatingMethodAccessorImpl.java:43)
	at java.base/java.lang.reflect.Method.invoke(Method.java:566)
	at org.openqa.selenium.support.decorators.WebDriverDecorator.call(WebDriverDecorator.java:247)
	at org.openqa.selenium.support.decorators.DefaultDecorated.call(DefaultDecorated.java:48)
	at org.openqa.selenium.support.decorators.WebDriverDecorator.lambda$createProxy$0(WebDriverDecorator.java:309)
	at net.bytebuddy.renamed.java.lang.Object$ByteBuddy$FXVzaG73.get(Unknown Source)
	at glue.GilletteTests.iAmOnTheGilletteWebsite(GilletteTests.java:46)
	at ✽.Given I am on the Gillette website(gillette.feature:4)
</error>
  </testcase>
  <testcase classname="Scenario: Verify the display of Gillette MACH3 Turbo under products list" name="When I hover on from the top navigation" time="0.004">
    <skipped/>
  </testcase>
  <testcase classname="Scenario: Verify the display of Gillette MACH3 Turbo under products list" name="And I choose &quot;MACH3&quot; under &quot;By Brands&quot; from the drop-down" time="0.004">
    <skipped/>
  </testcase>
  <testcase classname="Scenario: Verify the display of Gillette MACH3 Turbo under products list" name="Then I should see &quot;Gillette MACH3 Turbo&quot; under the products list" time="0.005">
    <skipped/>
  </testcase>
  <testcase classname="Scenario: Verify the presence of &quot;Facial Hair Styles: The Anchor Beard&quot; under styling articles" name="Given I am on the Gillette website" time="0.003">
    <error message="unknown error: session deleted because of page crash
from unknown error: cannot determine loading status
from tab crashed
  (Session info: chrome=114.0.5735.133)
Build info: version: &apos;4.7.2&apos;, revision: &apos;4d4020c3b7&apos;
System info: os.name: &apos;Linux&apos;, os.arch: &apos;amd64&apos;, os.version: &apos;5.10.162+&apos;, java.version: &apos;11.0.20&apos;
Driver info: org.openqa.selenium.remote.RemoteWebDriver
Command: [aa737b01d23d1d136ad557e437da1a85, get {url=https://www.gillette.co.in/en-in}]
Capabilities {acceptInsecureCerts: false, browserName: chrome, browserVersion: 114.0.5735.133, chrome: {chromedriverVersion: 114.0.5735.90 (386bc09e8f4f..., userDataDir: /tmp/.com.google.Chrome.3uJfkW}, goog:chromeOptions: {debuggerAddress: localhost:33297}, networkConnectionEnabled: false, pageLoadStrategy: normal, platformName: LINUX, proxy: Proxy(), se:bidiEnabled: false, se:cdp: ws://10.56.13.5:4444/sessio..., se:cdpVersion: 114.0.5735.133, se:vnc: ws://10.56.13.5:4444/sessio..., se:vncEnabled: true, se:vncLocalAddress: ws://10.56.13.5:7900, setWindowRect: true, strictFileInteractability: false, timeouts: {implicit: 0, pageLoad: 300000, script: 30000}, unhandledPromptBehavior: dismiss and notify, webauthn:extension:credBlob: true, webauthn:extension:largeBlob: true, webauthn:extension:minPinLength: true, webauthn:extension:prf: true, webauthn:virtualAuthenticators: true}
Session ID: aa737b01d23d1d136ad557e437da1a85" type="org.openqa.selenium.WebDriverException">org.openqa.selenium.WebDriverException: unknown error: session deleted because of page crash
from unknown error: cannot determine loading status
from tab crashed
  (Session info: chrome=114.0.5735.133)
Build info: version: &apos;4.7.2&apos;, revision: &apos;4d4020c3b7&apos;
System info: os.name: &apos;Linux&apos;, os.arch: &apos;amd64&apos;, os.version: &apos;5.10.162+&apos;, java.version: &apos;11.0.20&apos;
Driver info: org.openqa.selenium.remote.RemoteWebDriver
Command: [aa737b01d23d1d136ad557e437da1a85, get {url=https://www.gillette.co.in/en-in}]
Capabilities {acceptInsecureCerts: false, browserName: chrome, browserVersion: 114.0.5735.133, chrome: {chromedriverVersion: 114.0.5735.90 (386bc09e8f4f..., userDataDir: /tmp/.com.google.Chrome.3uJfkW}, goog:chromeOptions: {debuggerAddress: localhost:33297}, networkConnectionEnabled: false, pageLoadStrategy: normal, platformName: LINUX, proxy: Proxy(), se:bidiEnabled: false, se:cdp: ws://10.56.13.5:4444/sessio..., se:cdpVersion: 114.0.5735.133, se:vnc: ws://10.56.13.5:4444/sessio..., se:vncEnabled: true, se:vncLocalAddress: ws://10.56.13.5:7900, setWindowRect: true, strictFileInteractability: false, timeouts: {implicit: 0, pageLoad: 300000, script: 30000}, unhandledPromptBehavior: dismiss and notify, webauthn:extension:credBlob: true, webauthn:extension:largeBlob: true, webauthn:extension:minPinLength: true, webauthn:extension:prf: true, webauthn:virtualAuthenticators: true}
Session ID: aa737b01d23d1d136ad557e437da1a85
	at java.base/jdk.internal.reflect.NativeConstructorAccessorImpl.newInstance0(Native Method)
	at java.base/jdk.internal.reflect.NativeConstructorAccessorImpl.newInstance(NativeConstructorAccessorImpl.java:62)
	at java.base/jdk.internal.reflect.DelegatingConstructorAccessorImpl.newInstance(DelegatingConstructorAccessorImpl.java:45)
	at java.base/java.lang.reflect.Constructor.newInstance(Constructor.java:490)
	at org.openqa.selenium.remote.codec.w3c.W3CHttpResponseCodec.createException(W3CHttpResponseCodec.java:200)
	at org.openqa.selenium.remote.codec.w3c.W3CHttpResponseCodec.decode(W3CHttpResponseCodec.java:133)
	at org.openqa.selenium.remote.codec.w3c.W3CHttpResponseCodec.decode(W3CHttpResponseCodec.java:53)
	at org.openqa.selenium.remote.HttpCommandExecutor.execute(HttpCommandExecutor.java:184)
	at org.openqa.selenium.remote.TracedCommandExecutor.execute(TracedCommandExecutor.java:51)
	at org.openqa.selenium.remote.RemoteWebDriver.execute(RemoteWebDriver.java:535)
	at org.openqa.selenium.remote.RemoteWebDriver.get(RemoteWebDriver.java:296)
	at java.base/jdk.internal.reflect.NativeMethodAccessorImpl.invoke0(Native Method)
	at java.base/jdk.internal.reflect.NativeMethodAccessorImpl.invoke(NativeMethodAccessorImpl.java:62)
	at java.base/jdk.internal.reflect.DelegatingMethodAccessorImpl.invoke(DelegatingMethodAccessorImpl.java:43)
	at java.base/java.lang.reflect.Method.invoke(Method.java:566)
	at org.openqa.selenium.support.decorators.WebDriverDecorator.call(WebDriverDecorator.java:247)
	at org.openqa.selenium.support.decorators.DefaultDecorated.call(DefaultDecorated.java:48)
	at org.openqa.selenium.support.decorators.WebDriverDecorator.lambda$createProxy$0(WebDriverDecorator.java:309)
	at net.bytebuddy.renamed.java.lang.Object$ByteBuddy$zWe9V51k.get(Unknown Source)
	at glue.GilletteTests.iAmOnTheGilletteWebsite(GilletteTests.java:46)
	at ✽.Given I am on the Gillette website(gillette.feature:4)
</error>
  </testcase>
  <testcase classname="Scenario: Verify the presence of &quot;Facial Hair Styles: The Anchor Beard&quot; under styling articles" name="Scenario: Verify the presence of &quot;Facial Hair Styles: The Anchor Beard&quot; under styling articles" time="0.006">
    <error message="unknown error: session deleted because of page crash
from unknown error: cannot determine loading status
from tab crashed
  (Session info: chrome=114.0.5735.133)
Build info: version: &apos;4.7.2&apos;, revision: &apos;4d4020c3b7&apos;
System info: os.name: &apos;Linux&apos;, os.arch: &apos;amd64&apos;, os.version: &apos;5.10.162+&apos;, java.version: &apos;11.0.20&apos;
Driver info: org.openqa.selenium.remote.RemoteWebDriver
Command: [aa737b01d23d1d136ad557e437da1a85, get {url=https://www.gillette.co.in/en-in}]
Capabilities {acceptInsecureCerts: false, browserName: chrome, browserVersion: 114.0.5735.133, chrome: {chromedriverVersion: 114.0.5735.90 (386bc09e8f4f..., userDataDir: /tmp/.com.google.Chrome.3uJfkW}, goog:chromeOptions: {debuggerAddress: localhost:33297}, networkConnectionEnabled: false, pageLoadStrategy: normal, platformName: LINUX, proxy: Proxy(), se:bidiEnabled: false, se:cdp: ws://10.56.13.5:4444/sessio..., se:cdpVersion: 114.0.5735.133, se:vnc: ws://10.56.13.5:4444/sessio..., se:vncEnabled: true, se:vncLocalAddress: ws://10.56.13.5:7900, setWindowRect: true, strictFileInteractability: false, timeouts: {implicit: 0, pageLoad: 300000, script: 30000}, unhandledPromptBehavior: dismiss and notify, webauthn:extension:credBlob: true, webauthn:extension:largeBlob: true, webauthn:extension:minPinLength: true, webauthn:extension:prf: true, webauthn:virtualAuthenticators: true}
Session ID: aa737b01d23d1d136ad557e437da1a85" type="org.openqa.selenium.WebDriverException">org.openqa.selenium.WebDriverException: unknown error: session deleted because of page crash
from unknown error: cannot determine loading status
from tab crashed
  (Session info: chrome=114.0.5735.133)
Build info: version: &apos;4.7.2&apos;, revision: &apos;4d4020c3b7&apos;
System info: os.name: &apos;Linux&apos;, os.arch: &apos;amd64&apos;, os.version: &apos;5.10.162+&apos;, java.version: &apos;11.0.20&apos;
Driver info: org.openqa.selenium.remote.RemoteWebDriver
Command: [aa737b01d23d1d136ad557e437da1a85, get {url=https://www.gillette.co.in/en-in}]
Capabilities {acceptInsecureCerts: false, browserName: chrome, browserVersion: 114.0.5735.133, chrome: {chromedriverVersion: 114.0.5735.90 (386bc09e8f4f..., userDataDir: /tmp/.com.google.Chrome.3uJfkW}, goog:chromeOptions: {debuggerAddress: localhost:33297}, networkConnectionEnabled: false, pageLoadStrategy: normal, platformName: LINUX, proxy: Proxy(), se:bidiEnabled: false, se:cdp: ws://10.56.13.5:4444/sessio..., se:cdpVersion: 114.0.5735.133, se:vnc: ws://10.56.13.5:4444/sessio..., se:vncEnabled: true, se:vncLocalAddress: ws://10.56.13.5:7900, setWindowRect: true, strictFileInteractability: false, timeouts: {implicit: 0, pageLoad: 300000, script: 30000}, unhandledPromptBehavior: dismiss and notify, webauthn:extension:credBlob: true, webauthn:extension:largeBlob: true, webauthn:extension:minPinLength: true, webauthn:extension:prf: true, webauthn:virtualAuthenticators: true}
Session ID: aa737b01d23d1d136ad557e437da1a85
	at java.base/jdk.internal.reflect.NativeConstructorAccessorImpl.newInstance0(Native Method)
	at java.base/jdk.internal.reflect.NativeConstructorAccessorImpl.newInstance(NativeConstructorAccessorImpl.java:62)
	at java.base/jdk.internal.reflect.DelegatingConstructorAccessorImpl.newInstance(DelegatingConstructorAccessorImpl.java:45)
	at java.base/java.lang.reflect.Constructor.newInstance(Constructor.java:490)
	at org.openqa.selenium.remote.codec.w3c.W3CHttpResponseCodec.createException(W3CHttpResponseCodec.java:200)
	at org.openqa.selenium.remote.codec.w3c.W3CHttpResponseCodec.decode(W3CHttpResponseCodec.java:133)
	at org.openqa.selenium.remote.codec.w3c.W3CHttpResponseCodec.decode(W3CHttpResponseCodec.java:53)
	at org.openqa.selenium.remote.HttpCommandExecutor.execute(HttpCommandExecutor.java:184)
	at org.openqa.selenium.remote.TracedCommandExecutor.execute(TracedCommandExecutor.java:51)
	at org.openqa.selenium.remote.RemoteWebDriver.execute(RemoteWebDriver.java:535)
	at org.openqa.selenium.remote.RemoteWebDriver.get(RemoteWebDriver.java:296)
	at java.base/jdk.internal.reflect.NativeMethodAccessorImpl.invoke0(Native Method)
	at java.base/jdk.internal.reflect.NativeMethodAccessorImpl.invoke(NativeMethodAccessorImpl.java:62)
	at java.base/jdk.internal.reflect.DelegatingMethodAccessorImpl.invoke(DelegatingMethodAccessorImpl.java:43)
	at java.base/java.lang.reflect.Method.invoke(Method.java:566)
	at org.openqa.selenium.support.decorators.WebDriverDecorator.call(WebDriverDecorator.java:247)
	at org.openqa.selenium.support.decorators.DefaultDecorated.call(DefaultDecorated.java:48)
	at org.openqa.selenium.support.decorators.WebDriverDecorator.lambda$createProxy$0(WebDriverDecorator.java:309)
	at net.bytebuddy.renamed.java.lang.Object$ByteBuddy$zWe9V51k.get(Unknown Source)
	at glue.GilletteTests.iAmOnTheGilletteWebsite(GilletteTests.java:46)
	at ✽.Given I am on the Gillette website(gillette.feature:4)
</error>
  </testcase>
  <testcase classname="Scenario: Verify the presence of &quot;Facial Hair Styles: The Anchor Beard&quot; under styling articles" name="When I click on &quot;Styling&quot; under &quot;Learn&quot; in the footer" time="0.006">
    <skipped/>
  </testcase>
  <testcase classname="Scenario: Verify the presence of &quot;Facial Hair Styles: The Anchor Beard&quot; under styling articles" name="Then I should see &quot;Facial Hair Styles: The Anchor Beard&quot; under the list of articles under styling" time="0.006">
    <skipped/>
  </testcase>
</testsuite>